2023-09-24 18:12:30,850 [Worker-8: Loading available Gradle versions] INFO  o.e.b.c.i.u.g.PublishedGradleVersions - Gradle version information cache is up-to-date. Trying to read.
2023-09-24 18:15:09,396 [Worker-12: Creating project "Assignment_1"] INFO  o.e.m.c.i.e.AbstractTransferListenerAdapter - Downloading https://repo.maven.apache.org/maven2/org/apache/maven/plugins/maven-resources-plugin/3.3.1/maven-resources-plugin-3.3.1.jar
2023-09-24 18:15:09,493 [Worker-12: Creating project "Assignment_1"] INFO  o.e.m.c.i.e.AbstractTransferListenerAdapter - Downloaded https://repo.maven.apache.org/maven2/org/apache/maven/plugins/maven-resources-plugin/3.3.1/maven-resources-plugin-3.3.1.jar
2023-09-24 18:15:09,586 [Worker-12: Creating project "Assignment_1"] INFO  o.e.m.c.i.e.AbstractTransferListenerAdapter - Downloading https://repo.maven.apache.org/maven2/org/apache/maven/plugins/maven-surefire-plugin/3.1.2/maven-surefire-plugin-3.1.2.jar
2023-09-24 18:15:09,678 [Worker-12: Creating project "Assignment_1"] INFO  o.e.m.c.i.e.AbstractTransferListenerAdapter - Downloaded https://repo.maven.apache.org/maven2/org/apache/maven/plugins/maven-surefire-plugin/3.1.2/maven-surefire-plugin-3.1.2.jar
2023-09-24 18:15:09,783 [Worker-12: Creating project "Assignment_1"] INFO  o.e.m.c.i.e.AbstractTransferListenerAdapter - Downloading https://repo.maven.apache.org/maven2/org/apache/maven/plugins/maven-war-plugin/3.4.0/maven-war-plugin-3.4.0.jar
2023-09-24 18:15:09,877 [Worker-12: Creating project "Assignment_1"] INFO  o.e.m.c.i.e.AbstractTransferListenerAdapter - Downloaded https://repo.maven.apache.org/maven2/org/apache/maven/plugins/maven-war-plugin/3.4.0/maven-war-plugin-3.4.0.jar
2023-09-24 18:15:09,916 [Worker-12: Creating project "Assignment_1"] INFO  o.e.m.c.i.e.AbstractTransferListenerAdapter - Downloading https://repo.maven.apache.org/maven2/org/apache/maven/plugins/maven-install-plugin/3.1.1/maven-install-plugin-3.1.1.jar
2023-09-24 18:15:10,013 [Worker-12: Creating project "Assignment_1"] INFO  o.e.m.c.i.e.AbstractTransferListenerAdapter - Downloaded https://repo.maven.apache.org/maven2/org/apache/maven/plugins/maven-install-plugin/3.1.1/maven-install-plugin-3.1.1.jar
2023-09-24 18:15:10,104 [Worker-12: Creating project "Assignment_1"] INFO  o.e.m.c.i.e.AbstractTransferListenerAdapter - Downloading https://repo.maven.apache.org/maven2/org/apache/maven/plugins/maven-deploy-plugin/3.1.1/maven-deploy-plugin-3.1.1.jar
2023-09-24 18:15:10,200 [Worker-12: Creating project "Assignment_1"] INFO  o.e.m.c.i.e.AbstractTransferListenerAdapter - Downloaded https://repo.maven.apache.org/maven2/org/apache/maven/plugins/maven-deploy-plugin/3.1.1/maven-deploy-plugin-3.1.1.jar
2023-09-24 18:15:10,932 [Worker-12: Creating project "Assignment_1"] INFO  o.e.m.c.i.l.LifecycleMappingFactory - Using org.eclipse.m2e.jdt.JarLifecycleMapping lifecycle mapping for MavenProject: Assignments:Assignment_1:0.0.1-SNAPSHOT @ C:\Users\Eemil\eclipse-workspace\Assignment_1\pom.xml.
2023-09-24 18:15:10,980 [Worker-12: Creating project "Assignment_1"] INFO  o.e.m.c.i.e.AbstractTransferListenerAdapter - Downloading https://repo.maven.apache.org/maven2/org/apache/maven/plugins/maven-resources-plugin/3.3.1/maven-resources-plugin-3.3.1.pom
2023-09-24 18:15:11,015 [Worker-12: Creating project "Assignment_1"] INFO  o.e.m.c.i.e.AbstractTransferListenerAdapter - Downloaded https://repo.maven.apache.org/maven2/org/apache/maven/plugins/maven-resources-plugin/3.3.1/maven-resources-plugin-3.3.1.pom
2023-09-24 18:15:11,104 [Worker-12: Creating project "Assignment_1"] INFO  o.e.m.c.i.e.AbstractTransferListenerAdapter - Downloading https://repo.maven.apache.org/maven2/org/codehaus/plexus/plexus-utils/3.5.1/plexus-utils-3.5.1.pom
2023-09-24 18:15:11,150 [Worker-12: Creating project "Assignment_1"] INFO  o.e.m.c.i.e.AbstractTransferListenerAdapter - Downloaded https://repo.maven.apache.org/maven2/org/codehaus/plexus/plexus-utils/3.5.1/plexus-utils-3.5.1.pom
2023-09-24 18:15:11,186 [Worker-12: Creating project "Assignment_1"] INFO  o.e.m.c.i.e.AbstractTransferListenerAdapter - Downloading https://repo.maven.apache.org/maven2/org/apache/maven/shared/maven-filtering/3.3.1/maven-filtering-3.3.1.pom
2023-09-24 18:15:11,241 [Worker-12: Creating project "Assignment_1"] INFO  o.e.m.c.i.e.AbstractTransferListenerAdapter - Downloaded https://repo.maven.apache.org/maven2/org/apache/maven/shared/maven-filtering/3.3.1/maven-filtering-3.3.1.pom
2023-09-24 18:15:11,271 [Worker-12: Creating project "Assignment_1"] INFO  o.e.m.c.i.e.AbstractTransferListenerAdapter - Downloading https://repo.maven.apache.org/maven2/org/apache/maven/shared/maven-shared-components/39/maven-shared-components-39.pom
2023-09-24 18:15:11,311 [Worker-12: Creating project "Assignment_1"] INFO  o.e.m.c.i.e.AbstractTransferListenerAdapter - Downloaded https://repo.maven.apache.org/maven2/org/apache/maven/shared/maven-shared-components/39/maven-shared-components-39.pom
2023-09-24 18:15:11,475 [AetherRepositoryConnector-repo.maven.apache.org-0-0] INFO  o.e.m.c.i.e.AbstractTransferListenerAdapter - Downloading https://repo.maven.apache.org/maven2/org/codehaus/plexus/plexus-utils/3.5.1/plexus-utils-3.5.1.jar
2023-09-24 18:15:11,538 [AetherRepositoryConnector-repo.maven.apache.org-0-1] INFO  o.e.m.c.i.e.AbstractTransferListenerAdapter - Downloading https://repo.maven.apache.org/maven2/org/apache/maven/shared/maven-filtering/3.3.1/maven-filtering-3.3.1.jar
2023-09-24 18:15:11,584 [AetherRepositoryConnector-repo.maven.apache.org-0-0] INFO  o.e.m.c.i.e.AbstractTransferListenerAdapter - Downloaded https://repo.maven.apache.org/maven2/org/codehaus/plexus/plexus-utils/3.5.1/plexus-utils-3.5.1.jar
2023-09-24 18:15:11,604 [AetherRepositoryConnector-repo.maven.apache.org-0-1] INFO  o.e.m.c.i.e.AbstractTransferListenerAdapter - Downloaded https://repo.maven.apache.org/maven2/org/apache/maven/shared/maven-filtering/3.3.1/maven-filtering-3.3.1.jar
2023-09-24 18:15:11,645 [Worker-12: Creating project "Assignment_1"] INFO  o.e.m.j.i.AbstractJavaProjectConfigurator - Adding source folder /Assignment_1/src/main/java
2023-09-24 18:15:11,647 [Worker-12: Creating project "Assignment_1"] INFO  o.e.m.j.i.AbstractJavaProjectConfigurator - Adding resource folder /Assignment_1/src/main/resources
2023-09-24 18:15:11,647 [Worker-12: Creating project "Assignment_1"] INFO  o.e.m.j.i.AbstractJavaProjectConfigurator - Adding source folder /Assignment_1/src/test/java
2023-09-24 18:15:11,647 [Worker-12: Creating project "Assignment_1"] INFO  o.e.m.j.i.AbstractJavaProjectConfigurator - Adding resource folder /Assignment_1/src/test/resources
2023-09-24 18:15:11,905 [Worker-13: Building] WARN  o.a.m.s.f.DefaultMavenResourcesFiltering - Using platform encoding (UTF-8 actually) to copy filtered resources, i.e. build is platform dependent!
2023-09-24 18:15:11,909 [Worker-13: Building] INFO  o.a.m.s.f.DefaultMavenResourcesFiltering - Copying 0 resource from src\main\resources to target\classes
2023-09-24 18:15:11,913 [Worker-13: Building] WARN  o.a.m.s.f.DefaultMavenResourcesFiltering - Using platform encoding (UTF-8 actually) to copy filtered resources, i.e. build is platform dependent!
2023-09-24 18:15:11,914 [Worker-13: Building] INFO  o.a.m.s.f.DefaultMavenResourcesFiltering - Copying 0 resource from src\test\resources to target\test-classes
2023-09-24 18:15:28,546 [Worker-6: Building] INFO  o.e.m.c.i.l.LifecycleMappingFactory - Using org.eclipse.m2e.jdt.JarLifecycleMapping lifecycle mapping for MavenProject: huy:Lecture_01:0.0.1-SNAPSHOT @ C:\Users\Eemil\eclipse-workspace\Assignment_1\pom.xml.
2023-09-24 18:15:29,873 [Worker-6: Building] INFO  o.a.m.s.f.DefaultMavenResourcesFiltering - Copying 0 resource from src\main\resources to target\classes
2023-09-24 18:15:29,876 [Worker-6: Building] INFO  o.a.m.s.f.DefaultMavenResourcesFiltering - Copying 0 resource from src\test\resources to target\test-classes
2023-09-24 18:17:35,376 [Worker-30: Building] INFO  o.a.m.s.f.DefaultMavenResourcesFiltering - Copying 0 resource from src\main\resources to target\classes
2023-09-24 18:17:35,379 [Worker-30: Building] INFO  o.a.m.s.f.DefaultMavenResourcesFiltering - Copying 0 resource from src\test\resources to target\test-classes
2023-09-24 18:17:45,541 [Worker-13: Building] INFO  o.a.m.s.f.DefaultMavenResourcesFiltering - Copying 0 resource from src\main\resources to target\classes
2023-09-24 18:17:45,543 [Worker-13: Building] INFO  o.a.m.s.f.DefaultMavenResourcesFiltering - Copying 0 resource from src\test\resources to target\test-classes
2023-09-24 18:17:54,503 [Worker-6: Building] INFO  o.a.m.s.f.DefaultMavenResourcesFiltering - Copying 0 resource from src\main\resources to target\classes
2023-09-24 18:17:54,505 [Worker-6: Building] INFO  o.a.m.s.f.DefaultMavenResourcesFiltering - Copying 0 resource from src\test\resources to target\test-classes
2023-09-24 18:19:17,379 [main] INFO  o.e.m2e.actions.ExecutePomAction - Creating new launch configuration
2023-09-24 18:19:24,292 [Worker-29: Launching Executing install in C__Users_Eemil_Desktop_Koulu_Java-ohjelmointi_TeacherGit_Lecture_01] INFO  o.eclipse.m2e.core.internal.Bundles - getClasspathEntries(Bundle=org.eclipse.m2e.maven.runtime_3.9.400.20230826-0755 [1705])
2023-09-24 18:19:24,293 [Worker-29: Launching Executing install in C__Users_Eemil_Desktop_Koulu_Java-ohjelmointi_TeacherGit_Lecture_01] INFO  o.eclipse.m2e.core.internal.Bundles - 	Entry: C:\Users\Eemil\.p2\pool\plugins\org.eclipse.m2e.maven.runtime_3.9.400.20230826-0755
2023-09-24 18:19:24,293 [Worker-29: Launching Executing install in C__Users_Eemil_Desktop_Koulu_Java-ohjelmointi_TeacherGit_Lecture_01] INFO  o.eclipse.m2e.core.internal.Bundles - 	Entry: C:\Users\Eemil\.p2\pool\plugins\org.eclipse.m2e.maven.runtime_3.9.400.20230826-0755\jars\aether-connector-okhttp-0.17.8.jar
2023-09-24 18:19:24,293 [Worker-29: Launching Executing install in C__Users_Eemil_Desktop_Koulu_Java-ohjelmointi_TeacherGit_Lecture_01] INFO  o.eclipse.m2e.core.internal.Bundles - 	Entry: C:\Users\Eemil\.p2\pool\plugins\org.eclipse.m2e.maven.runtime_3.9.400.20230826-0755\jars\aopalliance-1.0.jar
2023-09-24 18:19:24,294 [Worker-29: Launching Executing install in C__Users_Eemil_Desktop_Koulu_Java-ohjelmointi_TeacherGit_Lecture_01] INFO  o.eclipse.m2e.core.internal.Bundles - 	Entry: C:\Users\Eemil\.p2\pool\plugins\org.eclipse.m2e.maven.runtime_3.9.400.20230826-0755\jars\commons-lang3-3.12.0.jar
2023-09-24 18:19:24,294 [Worker-29: Launching Executing install in C__Users_Eemil_Desktop_Koulu_Java-ohjelmointi_TeacherGit_Lecture_01] INFO  o.eclipse.m2e.core.internal.Bundles - 	Entry: C:\Users\Eemil\.p2\pool\plugins\org.eclipse.m2e.maven.runtime_3.9.400.20230826-0755\jars\guice-5.1.0.jar
2023-09-24 18:19:24,294 [Worker-29: Launching Executing install in C__Users_Eemil_Desktop_Koulu_Java-ohjelmointi_TeacherGit_Lecture_01] INFO  o.eclipse.m2e.core.internal.Bundles - 	Entry: C:\Users\Eemil\.p2\pool\plugins\org.eclipse.m2e.maven.runtime_3.9.400.20230826-0755\jars\jansi-2.4.0.jar
2023-09-24 18:19:24,294 [Worker-29: Launching Executing install in C__Users_Eemil_Desktop_Koulu_Java-ohjelmointi_TeacherGit_Lecture_01] INFO  o.eclipse.m2e.core.internal.Bundles - 	Entry: C:\Users\Eemil\.p2\pool\plugins\org.eclipse.m2e.maven.runtime_3.9.400.20230826-0755\jars\maven-artifact-3.9.4.jar
2023-09-24 18:19:24,294 [Worker-29: Launching Executing install in C__Users_Eemil_Desktop_Koulu_Java-ohjelmointi_TeacherGit_Lecture_01] INFO  o.eclipse.m2e.core.internal.Bundles - 	Entry: C:\Users\Eemil\.p2\pool\plugins\org.eclipse.m2e.maven.runtime_3.9.400.20230826-0755\jars\maven-builder-support-3.9.4.jar
2023-09-24 18:19:24,294 [Worker-29: Launching Executing install in C__Users_Eemil_Desktop_Koulu_Java-ohjelmointi_TeacherGit_Lecture_01] INFO  o.eclipse.m2e.core.internal.Bundles - 	Entry: C:\Users\Eemil\.p2\pool\plugins\org.eclipse.m2e.maven.runtime_3.9.400.20230826-0755\jars\maven-compat-3.9.4.jar
2023-09-24 18:19:24,294 [Worker-29: Launching Executing install in C__Users_Eemil_Desktop_Koulu_Java-ohjelmointi_TeacherGit_Lecture_01] INFO  o.eclipse.m2e.core.internal.Bundles - 	Entry: C:\Users\Eemil\.p2\pool\plugins\org.eclipse.m2e.maven.runtime_3.9.400.20230826-0755\jars\maven-core-3.9.4.jar
2023-09-24 18:19:24,294 [Worker-29: Launching Executing install in C__Users_Eemil_Desktop_Koulu_Java-ohjelmointi_TeacherGit_Lecture_01] INFO  o.eclipse.m2e.core.internal.Bundles - 	Entry: C:\Users\Eemil\.p2\pool\plugins\org.eclipse.m2e.maven.runtime_3.9.400.20230826-0755\jars\maven-embedder-3.9.4.jar
2023-09-24 18:19:24,294 [Worker-29: Launching Executing install in C__Users_Eemil_Desktop_Koulu_Java-ohjelmointi_TeacherGit_Lecture_01] INFO  o.eclipse.m2e.core.internal.Bundles - 	Entry: C:\Users\Eemil\.p2\pool\plugins\org.eclipse.m2e.maven.runtime_3.9.400.20230826-0755\jars\maven-model-3.9.4.jar
2023-09-24 18:19:24,295 [Worker-29: Launching Executing install in C__Users_Eemil_Desktop_Koulu_Java-ohjelmointi_TeacherGit_Lecture_01] INFO  o.eclipse.m2e.core.internal.Bundles - 	Entry: C:\Users\Eemil\.p2\pool\plugins\org.eclipse.m2e.maven.runtime_3.9.400.20230826-0755\jars\maven-model-builder-3.9.4.jar
2023-09-24 18:19:24,295 [Worker-29: Launching Executing install in C__Users_Eemil_Desktop_Koulu_Java-ohjelmointi_TeacherGit_Lecture_01] INFO  o.eclipse.m2e.core.internal.Bundles - 	Entry: C:\Users\Eemil\.p2\pool\plugins\org.eclipse.m2e.maven.runtime_3.9.400.20230826-0755\jars\maven-plugin-api-3.9.4.jar
2023-09-24 18:19:24,295 [Worker-29: Launching Executing install in C__Users_Eemil_Desktop_Koulu_Java-ohjelmointi_TeacherGit_Lecture_01] INFO  o.eclipse.m2e.core.internal.Bundles - 	Entry: C:\Users\Eemil\.p2\pool\plugins\org.eclipse.m2e.maven.runtime_3.9.400.20230826-0755\jars\maven-repository-metadata-3.9.4.jar
2023-09-24 18:19:24,295 [Worker-29: Launching Executing install in C__Users_Eemil_Desktop_Koulu_Java-ohjelmointi_TeacherGit_Lecture_01] INFO  o.eclipse.m2e.core.internal.Bundles - 	Entry: C:\Users\Eemil\.p2\pool\plugins\org.eclipse.m2e.maven.runtime_3.9.400.20230826-0755\jars\maven-resolver-api-1.9.14.jar
2023-09-24 18:19:24,295 [Worker-29: Launching Executing install in C__Users_Eemil_Desktop_Koulu_Java-ohjelmointi_TeacherGit_Lecture_01] INFO  o.eclipse.m2e.core.internal.Bundles - 	Entry: C:\Users\Eemil\.p2\pool\plugins\org.eclipse.m2e.maven.runtime_3.9.400.20230826-0755\jars\maven-resolver-connector-basic-1.9.14.jar
2023-09-24 18:19:24,295 [Worker-29: Launching Executing install in C__Users_Eemil_Desktop_Koulu_Java-ohjelmointi_TeacherGit_Lecture_01] INFO  o.eclipse.m2e.core.internal.Bundles - 	Entry: C:\Users\Eemil\.p2\pool\plugins\org.eclipse.m2e.maven.runtime_3.9.400.20230826-0755\jars\maven-resolver-impl-1.9.14.jar
2023-09-24 18:19:24,295 [Worker-29: Launching Executing install in C__Users_Eemil_Desktop_Koulu_Java-ohjelmointi_TeacherGit_Lecture_01] INFO  o.eclipse.m2e.core.internal.Bundles - 	Entry: C:\Users\Eemil\.p2\pool\plugins\org.eclipse.m2e.maven.runtime_3.9.400.20230826-0755\jars\maven-resolver-named-locks-1.9.14.jar
2023-09-24 18:19:24,295 [Worker-29: Launching Executing install in C__Users_Eemil_Desktop_Koulu_Java-ohjelmointi_TeacherGit_Lecture_01] INFO  o.eclipse.m2e.core.internal.Bundles - 	Entry: C:\Users\Eemil\.p2\pool\plugins\org.eclipse.m2e.maven.runtime_3.9.400.20230826-0755\jars\maven-resolver-provider-3.9.4.jar
2023-09-24 18:19:24,295 [Worker-29: Launching Executing install in C__Users_Eemil_Desktop_Koulu_Java-ohjelmointi_TeacherGit_Lecture_01] INFO  o.eclipse.m2e.core.internal.Bundles - 	Entry: C:\Users\Eemil\.p2\pool\plugins\org.eclipse.m2e.maven.runtime_3.9.400.20230826-0755\jars\maven-resolver-spi-1.9.14.jar
2023-09-24 18:19:24,295 [Worker-29: Launching Executing install in C__Users_Eemil_Desktop_Koulu_Java-ohjelmointi_TeacherGit_Lecture_01] INFO  o.eclipse.m2e.core.internal.Bundles - 	Entry: C:\Users\Eemil\.p2\pool\plugins\org.eclipse.m2e.maven.runtime_3.9.400.20230826-0755\jars\maven-resolver-transport-wagon-1.9.14.jar
2023-09-24 18:19:24,296 [Worker-29: Launching Executing install in C__Users_Eemil_Desktop_Koulu_Java-ohjelmointi_TeacherGit_Lecture_01] INFO  o.eclipse.m2e.core.internal.Bundles - 	Entry: C:\Users\Eemil\.p2\pool\plugins\org.eclipse.m2e.maven.runtime_3.9.400.20230826-0755\jars\maven-resolver-util-1.9.14.jar
2023-09-24 18:19:24,296 [Worker-29: Launching Executing install in C__Users_Eemil_Desktop_Koulu_Java-ohjelmointi_TeacherGit_Lecture_01] INFO  o.eclipse.m2e.core.internal.Bundles - 	Entry: C:\Users\Eemil\.p2\pool\plugins\org.eclipse.m2e.maven.runtime_3.9.400.20230826-0755\jars\maven-settings-3.9.4.jar
2023-09-24 18:19:24,296 [Worker-29: Launching Executing install in C__Users_Eemil_Desktop_Koulu_Java-ohjelmointi_TeacherGit_Lecture_01] INFO  o.eclipse.m2e.core.internal.Bundles - 	Entry: C:\Users\Eemil\.p2\pool\plugins\org.eclipse.m2e.maven.runtime_3.9.400.20230826-0755\jars\maven-settings-builder-3.9.4.jar
2023-09-24 18:19:24,296 [Worker-29: Launching Executing install in C__Users_Eemil_Desktop_Koulu_Java-ohjelmointi_TeacherGit_Lecture_01] INFO  o.eclipse.m2e.core.internal.Bundles - 	Entry: C:\Users\Eemil\.p2\pool\plugins\org.eclipse.m2e.maven.runtime_3.9.400.20230826-0755\jars\maven-shared-utils-3.3.4.jar
2023-09-24 18:19:24,296 [Worker-29: Launching Executing install in C__Users_Eemil_Desktop_Koulu_Java-ohjelmointi_TeacherGit_Lecture_01] INFO  o.eclipse.m2e.core.internal.Bundles - 	Entry: C:\Users\Eemil\.p2\pool\plugins\org.eclipse.m2e.maven.runtime_3.9.400.20230826-0755\jars\okhttp-3.14.1.jar
2023-09-24 18:19:24,296 [Worker-29: Launching Executing install in C__Users_Eemil_Desktop_Koulu_Java-ohjelmointi_TeacherGit_Lecture_01] INFO  o.eclipse.m2e.core.internal.Bundles - 	Entry: C:\Users\Eemil\.p2\pool\plugins\org.eclipse.m2e.maven.runtime_3.9.400.20230826-0755\jars\okio-1.17.3.jar
2023-09-24 18:19:24,296 [Worker-29: Launching Executing install in C__Users_Eemil_Desktop_Koulu_Java-ohjelmointi_TeacherGit_Lecture_01] INFO  o.eclipse.m2e.core.internal.Bundles - 	Entry: C:\Users\Eemil\.p2\pool\plugins\org.eclipse.m2e.maven.runtime_3.9.400.20230826-0755\jars\org.eclipse.sisu.inject-0.3.5.jar
2023-09-24 18:19:24,296 [Worker-29: Launching Executing install in C__Users_Eemil_Desktop_Koulu_Java-ohjelmointi_TeacherGit_Lecture_01] INFO  o.eclipse.m2e.core.internal.Bundles - 	Entry: C:\Users\Eemil\.p2\pool\plugins\org.eclipse.m2e.maven.runtime_3.9.400.20230826-0755\jars\org.eclipse.sisu.plexus-0.3.5.jar
2023-09-24 18:19:24,296 [Worker-29: Launching Executing install in C__Users_Eemil_Desktop_Koulu_Java-ohjelmointi_TeacherGit_Lecture_01] INFO  o.eclipse.m2e.core.internal.Bundles - 	Entry: C:\Users\Eemil\.p2\pool\plugins\org.eclipse.m2e.maven.runtime_3.9.400.20230826-0755\jars\plexus-build-api-0.0.7.jar
2023-09-24 18:19:24,296 [Worker-29: Launching Executing install in C__Users_Eemil_Desktop_Koulu_Java-ohjelmointi_TeacherGit_Lecture_01] INFO  o.eclipse.m2e.core.internal.Bundles - 	Entry: C:\Users\Eemil\.p2\pool\plugins\org.eclipse.m2e.maven.runtime_3.9.400.20230826-0755\jars\plexus-cipher-2.0.jar
2023-09-24 18:19:24,297 [Worker-29: Launching Executing install in C__Users_Eemil_Desktop_Koulu_Java-ohjelmointi_TeacherGit_Lecture_01] INFO  o.eclipse.m2e.core.internal.Bundles - 	Entry: C:\Users\Eemil\.p2\pool\plugins\org.eclipse.m2e.maven.runtime_3.9.400.20230826-0755\jars\plexus-classworlds-2.7.0.jar
2023-09-24 18:19:24,297 [Worker-29: Launching Executing install in C__Users_Eemil_Desktop_Koulu_Java-ohjelmointi_TeacherGit_Lecture_01] INFO  o.eclipse.m2e.core.internal.Bundles - 	Entry: C:\Users\Eemil\.p2\pool\plugins\org.eclipse.m2e.maven.runtime_3.9.400.20230826-0755\jars\plexus-component-annotations-2.1.0.jar
2023-09-24 18:19:24,297 [Worker-29: Launching Executing install in C__Users_Eemil_Desktop_Koulu_Java-ohjelmointi_TeacherGit_Lecture_01] INFO  o.eclipse.m2e.core.internal.Bundles - 	Entry: C:\Users\Eemil\.p2\pool\plugins\org.eclipse.m2e.maven.runtime_3.9.400.20230826-0755\jars\plexus-interpolation-1.26.jar
2023-09-24 18:19:24,297 [Worker-29: Launching Executing install in C__Users_Eemil_Desktop_Koulu_Java-ohjelmointi_TeacherGit_Lecture_01] INFO  o.eclipse.m2e.core.internal.Bundles - 	Entry: C:\Users\Eemil\.p2\pool\plugins\org.eclipse.m2e.maven.runtime_3.9.400.20230826-0755\jars\plexus-sec-dispatcher-2.0.jar
2023-09-24 18:19:24,297 [Worker-29: Launching Executing install in C__Users_Eemil_Desktop_Koulu_Java-ohjelmointi_TeacherGit_Lecture_01] INFO  o.eclipse.m2e.core.internal.Bundles - 	Entry: C:\Users\Eemil\.p2\pool\plugins\org.eclipse.m2e.maven.runtime_3.9.400.20230826-0755\jars\plexus-utils-3.5.1.jar
2023-09-24 18:19:24,297 [Worker-29: Launching Executing install in C__Users_Eemil_Desktop_Koulu_Java-ohjelmointi_TeacherGit_Lecture_01] INFO  o.eclipse.m2e.core.internal.Bundles - 	Entry: C:\Users\Eemil\.p2\pool\plugins\org.eclipse.m2e.maven.runtime_3.9.400.20230826-0755\jars\wagon-file-3.5.3.jar
2023-09-24 18:19:24,297 [Worker-29: Launching Executing install in C__Users_Eemil_Desktop_Koulu_Java-ohjelmointi_TeacherGit_Lecture_01] INFO  o.eclipse.m2e.core.internal.Bundles - 	Entry: C:\Users\Eemil\.p2\pool\plugins\org.eclipse.m2e.maven.runtime_3.9.400.20230826-0755\jars\wagon-provider-api-3.5.3.jar
2023-09-24 18:19:24,298 [Worker-29: Launching Executing install in C__Users_Eemil_Desktop_Koulu_Java-ohjelmointi_TeacherGit_Lecture_01] INFO  o.eclipse.m2e.core.internal.Bundles - getClasspathEntries(Bundle=com.google.guava_32.1.2.jre [1418])
2023-09-24 18:19:24,298 [Worker-29: Launching Executing install in C__Users_Eemil_Desktop_Koulu_Java-ohjelmointi_TeacherGit_Lecture_01] INFO  o.eclipse.m2e.core.internal.Bundles - 	Entry: C:\Users\Eemil\.p2\pool\plugins\com.google.guava_32.1.2.jre.jar
2023-09-24 18:19:24,298 [Worker-29: Launching Executing install in C__Users_Eemil_Desktop_Koulu_Java-ohjelmointi_TeacherGit_Lecture_01] INFO  o.eclipse.m2e.core.internal.Bundles - getClasspathEntries(Bundle=slf4j.api_2.0.7 [824])
2023-09-24 18:19:24,298 [Worker-29: Launching Executing install in C__Users_Eemil_Desktop_Koulu_Java-ohjelmointi_TeacherGit_Lecture_01] INFO  o.eclipse.m2e.core.internal.Bundles - 	Entry: C:\Users\Eemil\.p2\pool\plugins\slf4j.api_2.0.7.jar
2023-09-24 18:19:24,298 [Worker-29: Launching Executing install in C__Users_Eemil_Desktop_Koulu_Java-ohjelmointi_TeacherGit_Lecture_01] INFO  o.eclipse.m2e.core.internal.Bundles - getClasspathEntries(Bundle=javax.inject_1.0.0.v20220405-0441 [17])
2023-09-24 18:19:24,299 [Worker-29: Launching Executing install in C__Users_Eemil_Desktop_Koulu_Java-ohjelmointi_TeacherGit_Lecture_01] INFO  o.eclipse.m2e.core.internal.Bundles - 	Entry: C:\Users\Eemil\.p2\pool\plugins\javax.inject_1.0.0.v20220405-0441.jar
2023-09-24 18:19:24,299 [Worker-29: Launching Executing install in C__Users_Eemil_Desktop_Koulu_Java-ohjelmointi_TeacherGit_Lecture_01] INFO  o.eclipse.m2e.core.internal.Bundles - getClasspathEntries(Bundle=javax.annotation_1.3.5.v20221203-1659 [1424])
2023-09-24 18:19:24,299 [Worker-29: Launching Executing install in C__Users_Eemil_Desktop_Koulu_Java-ohjelmointi_TeacherGit_Lecture_01] INFO  o.eclipse.m2e.core.internal.Bundles - 	Entry: C:\Users\Eemil\.p2\pool\plugins\javax.annotation_1.3.5.v20221203-1659.jar
2023-09-24 18:19:24,299 [Worker-29: Launching Executing install in C__Users_Eemil_Desktop_Koulu_Java-ohjelmointi_TeacherGit_Lecture_01] INFO  o.eclipse.m2e.core.internal.Bundles - getClasspathEntries(Bundle=org.apache.commons.cli_1.5.0 [465])
2023-09-24 18:19:24,299 [Worker-29: Launching Executing install in C__Users_Eemil_Desktop_Koulu_Java-ohjelmointi_TeacherGit_Lecture_01] INFO  o.eclipse.m2e.core.internal.Bundles - 	Entry: C:\Users\Eemil\.p2\pool\plugins\org.apache.commons.cli_1.5.0.jar
2023-09-24 18:19:24,299 [Worker-29: Launching Executing install in C__Users_Eemil_Desktop_Koulu_Java-ohjelmointi_TeacherGit_Lecture_01] INFO  o.eclipse.m2e.core.internal.Bundles - getClasspathEntries(Bundle=com.google.guava.failureaccess_1.0.1 [438])
2023-09-24 18:19:24,299 [Worker-29: Launching Executing install in C__Users_Eemil_Desktop_Koulu_Java-ohjelmointi_TeacherGit_Lecture_01] INFO  o.eclipse.m2e.core.internal.Bundles - 	Entry: C:\Users\Eemil\.p2\pool\plugins\com.google.guava.failureaccess_1.0.1.jar
2023-09-24 18:19:24,301 [Worker-29: Launching Executing install in C__Users_Eemil_Desktop_Koulu_Java-ohjelmointi_TeacherGit_Lecture_01] INFO  o.e.m.i.launch.MavenLaunchDelegate - Run build in "C:\Users\Eemil\Desktop\Koulu\Java-ohjelmointi\TeacherGit\Lecture_01":
2023-09-24 18:19:24,304 [Worker-29: Launching Executing install in C__Users_Eemil_Desktop_Koulu_Java-ohjelmointi_TeacherGit_Lecture_01] INFO  o.e.m.i.launch.MavenLaunchDelegate -  mvn  -B -Dstyle.color=always install
2023-09-24 18:19:39,643 [main] INFO  o.e.m2e.actions.ExecutePomAction - Creating new launch configuration
2023-09-24 18:19:41,116 [Worker-6: Launching Lecture_01 (1)] INFO  o.eclipse.m2e.core.internal.Bundles - getClasspathEntries(Bundle=org.eclipse.m2e.maven.runtime_3.9.400.20230826-0755 [1705])
2023-09-24 18:19:41,117 [Worker-6: Launching Lecture_01 (1)] INFO  o.eclipse.m2e.core.internal.Bundles - 	Entry: C:\Users\Eemil\.p2\pool\plugins\org.eclipse.m2e.maven.runtime_3.9.400.20230826-0755
2023-09-24 18:19:41,117 [Worker-6: Launching Lecture_01 (1)] INFO  o.eclipse.m2e.core.internal.Bundles - 	Entry: C:\Users\Eemil\.p2\pool\plugins\org.eclipse.m2e.maven.runtime_3.9.400.20230826-0755\jars\aether-connector-okhttp-0.17.8.jar
2023-09-24 18:19:41,117 [Worker-6: Launching Lecture_01 (1)] INFO  o.eclipse.m2e.core.internal.Bundles - 	Entry: C:\Users\Eemil\.p2\pool\plugins\org.eclipse.m2e.maven.runtime_3.9.400.20230826-0755\jars\aopalliance-1.0.jar
2023-09-24 18:19:41,117 [Worker-6: Launching Lecture_01 (1)] INFO  o.eclipse.m2e.core.internal.Bundles - 	Entry: C:\Users\Eemil\.p2\pool\plugins\org.eclipse.m2e.maven.runtime_3.9.400.20230826-0755\jars\commons-lang3-3.12.0.jar
2023-09-24 18:19:41,117 [Worker-6: Launching Lecture_01 (1)] INFO  o.eclipse.m2e.core.internal.Bundles - 	Entry: C:\Users\Eemil\.p2\pool\plugins\org.eclipse.m2e.maven.runtime_3.9.400.20230826-0755\jars\guice-5.1.0.jar
2023-09-24 18:19:41,117 [Worker-6: Launching Lecture_01 (1)] INFO  o.eclipse.m2e.core.internal.Bundles - 	Entry: C:\Users\Eemil\.p2\pool\plugins\org.eclipse.m2e.maven.runtime_3.9.400.20230826-0755\jars\jansi-2.4.0.jar
2023-09-24 18:19:41,117 [Worker-6: Launching Lecture_01 (1)] INFO  o.eclipse.m2e.core.internal.Bundles - 	Entry: C:\Users\Eemil\.p2\pool\plugins\org.eclipse.m2e.maven.runtime_3.9.400.20230826-0755\jars\maven-artifact-3.9.4.jar
2023-09-24 18:19:41,117 [Worker-6: Launching Lecture_01 (1)] INFO  o.eclipse.m2e.core.internal.Bundles - 	Entry: C:\Users\Eemil\.p2\pool\plugins\org.eclipse.m2e.maven.runtime_3.9.400.20230826-0755\jars\maven-builder-support-3.9.4.jar
2023-09-24 18:19:41,117 [Worker-6: Launching Lecture_01 (1)] INFO  o.eclipse.m2e.core.internal.Bundles - 	Entry: C:\Users\Eemil\.p2\pool\plugins\org.eclipse.m2e.maven.runtime_3.9.400.20230826-0755\jars\maven-compat-3.9.4.jar
2023-09-24 18:19:41,118 [Worker-6: Launching Lecture_01 (1)] INFO  o.eclipse.m2e.core.internal.Bundles - 	Entry: C:\Users\Eemil\.p2\pool\plugins\org.eclipse.m2e.maven.runtime_3.9.400.20230826-0755\jars\maven-core-3.9.4.jar
2023-09-24 18:19:41,118 [Worker-6: Launching Lecture_01 (1)] INFO  o.eclipse.m2e.core.internal.Bundles - 	Entry: C:\Users\Eemil\.p2\pool\plugins\org.eclipse.m2e.maven.runtime_3.9.400.20230826-0755\jars\maven-embedder-3.9.4.jar
2023-09-24 18:19:41,118 [Worker-6: Launching Lecture_01 (1)] INFO  o.eclipse.m2e.core.internal.Bundles - 	Entry: C:\Users\Eemil\.p2\pool\plugins\org.eclipse.m2e.maven.runtime_3.9.400.20230826-0755\jars\maven-model-3.9.4.jar
2023-09-24 18:19:41,118 [Worker-6: Launching Lecture_01 (1)] INFO  o.eclipse.m2e.core.internal.Bundles - 	Entry: C:\Users\Eemil\.p2\pool\plugins\org.eclipse.m2e.maven.runtime_3.9.400.20230826-0755\jars\maven-model-builder-3.9.4.jar
2023-09-24 18:19:41,118 [Worker-6: Launching Lecture_01 (1)] INFO  o.eclipse.m2e.core.internal.Bundles - 	Entry: C:\Users\Eemil\.p2\pool\plugins\org.eclipse.m2e.maven.runtime_3.9.400.20230826-0755\jars\maven-plugin-api-3.9.4.jar
2023-09-24 18:19:41,118 [Worker-6: Launching Lecture_01 (1)] INFO  o.eclipse.m2e.core.internal.Bundles - 	Entry: C:\Users\Eemil\.p2\pool\plugins\org.eclipse.m2e.maven.runtime_3.9.400.20230826-0755\jars\maven-repository-metadata-3.9.4.jar
2023-09-24 18:19:41,118 [Worker-6: Launching Lecture_01 (1)] INFO  o.eclipse.m2e.core.internal.Bundles - 	Entry: C:\Users\Eemil\.p2\pool\plugins\org.eclipse.m2e.maven.runtime_3.9.400.20230826-0755\jars\maven-resolver-api-1.9.14.jar
2023-09-24 18:19:41,118 [Worker-6: Launching Lecture_01 (1)] INFO  o.eclipse.m2e.core.internal.Bundles - 	Entry: C:\Users\Eemil\.p2\pool\plugins\org.eclipse.m2e.maven.runtime_3.9.400.20230826-0755\jars\maven-resolver-connector-basic-1.9.14.jar
2023-09-24 18:19:41,118 [Worker-6: Launching Lecture_01 (1)] INFO  o.eclipse.m2e.core.internal.Bundles - 	Entry: C:\Users\Eemil\.p2\pool\plugins\org.eclipse.m2e.maven.runtime_3.9.400.20230826-0755\jars\maven-resolver-impl-1.9.14.jar
2023-09-24 18:19:41,118 [Worker-6: Launching Lecture_01 (1)] INFO  o.eclipse.m2e.core.internal.Bundles - 	Entry: C:\Users\Eemil\.p2\pool\plugins\org.eclipse.m2e.maven.runtime_3.9.400.20230826-0755\jars\maven-resolver-named-locks-1.9.14.jar
2023-09-24 18:19:41,119 [Worker-6: Launching Lecture_01 (1)] INFO  o.eclipse.m2e.core.internal.Bundles - 	Entry: C:\Users\Eemil\.p2\pool\plugins\org.eclipse.m2e.maven.runtime_3.9.400.20230826-0755\jars\maven-resolver-provider-3.9.4.jar
2023-09-24 18:19:41,119 [Worker-6: Launching Lecture_01 (1)] INFO  o.eclipse.m2e.core.internal.Bundles - 	Entry: C:\Users\Eemil\.p2\pool\plugins\org.eclipse.m2e.maven.runtime_3.9.400.20230826-0755\jars\maven-resolver-spi-1.9.14.jar
2023-09-24 18:19:41,119 [Worker-6: Launching Lecture_01 (1)] INFO  o.eclipse.m2e.core.internal.Bundles - 	Entry: C:\Users\Eemil\.p2\pool\plugins\org.eclipse.m2e.maven.runtime_3.9.400.20230826-0755\jars\maven-resolver-transport-wagon-1.9.14.jar
2023-09-24 18:19:41,119 [Worker-6: Launching Lecture_01 (1)] INFO  o.eclipse.m2e.core.internal.Bundles - 	Entry: C:\Users\Eemil\.p2\pool\plugins\org.eclipse.m2e.maven.runtime_3.9.400.20230826-0755\jars\maven-resolver-util-1.9.14.jar
2023-09-24 18:19:41,119 [Worker-6: Launching Lecture_01 (1)] INFO  o.eclipse.m2e.core.internal.Bundles - 	Entry: C:\Users\Eemil\.p2\pool\plugins\org.eclipse.m2e.maven.runtime_3.9.400.20230826-0755\jars\maven-settings-3.9.4.jar
2023-09-24 18:19:41,119 [Worker-6: Launching Lecture_01 (1)] INFO  o.eclipse.m2e.core.internal.Bundles - 	Entry: C:\Users\Eemil\.p2\pool\plugins\org.eclipse.m2e.maven.runtime_3.9.400.20230826-0755\jars\maven-settings-builder-3.9.4.jar
2023-09-24 18:19:41,119 [Worker-6: Launching Lecture_01 (1)] INFO  o.eclipse.m2e.core.internal.Bundles - 	Entry: C:\Users\Eemil\.p2\pool\plugins\org.eclipse.m2e.maven.runtime_3.9.400.20230826-0755\jars\maven-shared-utils-3.3.4.jar
2023-09-24 18:19:41,119 [Worker-6: Launching Lecture_01 (1)] INFO  o.eclipse.m2e.core.internal.Bundles - 	Entry: C:\Users\Eemil\.p2\pool\plugins\org.eclipse.m2e.maven.runtime_3.9.400.20230826-0755\jars\okhttp-3.14.1.jar
2023-09-24 18:19:41,119 [Worker-6: Launching Lecture_01 (1)] INFO  o.eclipse.m2e.core.internal.Bundles - 	Entry: C:\Users\Eemil\.p2\pool\plugins\org.eclipse.m2e.maven.runtime_3.9.400.20230826-0755\jars\okio-1.17.3.jar
2023-09-24 18:19:41,119 [Worker-6: Launching Lecture_01 (1)] INFO  o.eclipse.m2e.core.internal.Bundles - 	Entry: C:\Users\Eemil\.p2\pool\plugins\org.eclipse.m2e.maven.runtime_3.9.400.20230826-0755\jars\org.eclipse.sisu.inject-0.3.5.jar
2023-09-24 18:19:41,120 [Worker-6: Launching Lecture_01 (1)] INFO  o.eclipse.m2e.core.internal.Bundles - 	Entry: C:\Users\Eemil\.p2\pool\plugins\org.eclipse.m2e.maven.runtime_3.9.400.20230826-0755\jars\org.eclipse.sisu.plexus-0.3.5.jar
2023-09-24 18:19:41,120 [Worker-6: Launching Lecture_01 (1)] INFO  o.eclipse.m2e.core.internal.Bundles - 	Entry: C:\Users\Eemil\.p2\pool\plugins\org.eclipse.m2e.maven.runtime_3.9.400.20230826-0755\jars\plexus-build-api-0.0.7.jar
2023-09-24 18:19:41,120 [Worker-6: Launching Lecture_01 (1)] INFO  o.eclipse.m2e.core.internal.Bundles - 	Entry: C:\Users\Eemil\.p2\pool\plugins\org.eclipse.m2e.maven.runtime_3.9.400.20230826-0755\jars\plexus-cipher-2.0.jar
2023-09-24 18:19:41,120 [Worker-6: Launching Lecture_01 (1)] INFO  o.eclipse.m2e.core.internal.Bundles - 	Entry: C:\Users\Eemil\.p2\pool\plugins\org.eclipse.m2e.maven.runtime_3.9.400.20230826-0755\jars\plexus-classworlds-2.7.0.jar
2023-09-24 18:19:41,120 [Worker-6: Launching Lecture_01 (1)] INFO  o.eclipse.m2e.core.internal.Bundles - 	Entry: C:\Users\Eemil\.p2\pool\plugins\org.eclipse.m2e.maven.runtime_3.9.400.20230826-0755\jars\plexus-component-annotations-2.1.0.jar
2023-09-24 18:19:41,120 [Worker-6: Launching Lecture_01 (1)] INFO  o.eclipse.m2e.core.internal.Bundles - 	Entry: C:\Users\Eemil\.p2\pool\plugins\org.eclipse.m2e.maven.runtime_3.9.400.20230826-0755\jars\plexus-interpolation-1.26.jar
2023-09-24 18:19:41,120 [Worker-6: Launching Lecture_01 (1)] INFO  o.eclipse.m2e.core.internal.Bundles - 	Entry: C:\Users\Eemil\.p2\pool\plugins\org.eclipse.m2e.maven.runtime_3.9.400.20230826-0755\jars\plexus-sec-dispatcher-2.0.jar
2023-09-24 18:19:41,120 [Worker-6: Launching Lecture_01 (1)] INFO  o.eclipse.m2e.core.internal.Bundles - 	Entry: C:\Users\Eemil\.p2\pool\plugins\org.eclipse.m2e.maven.runtime_3.9.400.20230826-0755\jars\plexus-utils-3.5.1.jar
2023-09-24 18:19:41,120 [Worker-6: Launching Lecture_01 (1)] INFO  o.eclipse.m2e.core.internal.Bundles - 	Entry: C:\Users\Eemil\.p2\pool\plugins\org.eclipse.m2e.maven.runtime_3.9.400.20230826-0755\jars\wagon-file-3.5.3.jar
2023-09-24 18:19:41,121 [Worker-6: Launching Lecture_01 (1)] INFO  o.eclipse.m2e.core.internal.Bundles - 	Entry: C:\Users\Eemil\.p2\pool\plugins\org.eclipse.m2e.maven.runtime_3.9.400.20230826-0755\jars\wagon-provider-api-3.5.3.jar
2023-09-24 18:19:41,121 [Worker-6: Launching Lecture_01 (1)] INFO  o.eclipse.m2e.core.internal.Bundles - getClasspathEntries(Bundle=com.google.guava_32.1.2.jre [1418])
2023-09-24 18:19:41,121 [Worker-6: Launching Lecture_01 (1)] INFO  o.eclipse.m2e.core.internal.Bundles - 	Entry: C:\Users\Eemil\.p2\pool\plugins\com.google.guava_32.1.2.jre.jar
2023-09-24 18:19:41,121 [Worker-6: Launching Lecture_01 (1)] INFO  o.eclipse.m2e.core.internal.Bundles - getClasspathEntries(Bundle=slf4j.api_2.0.7 [824])
2023-09-24 18:19:41,121 [Worker-6: Launching Lecture_01 (1)] INFO  o.eclipse.m2e.core.internal.Bundles - 	Entry: C:\Users\Eemil\.p2\pool\plugins\slf4j.api_2.0.7.jar
2023-09-24 18:19:41,121 [Worker-6: Launching Lecture_01 (1)] INFO  o.eclipse.m2e.core.internal.Bundles - getClasspathEntries(Bundle=javax.inject_1.0.0.v20220405-0441 [17])
2023-09-24 18:19:41,121 [Worker-6: Launching Lecture_01 (1)] INFO  o.eclipse.m2e.core.internal.Bundles - 	Entry: C:\Users\Eemil\.p2\pool\plugins\javax.inject_1.0.0.v20220405-0441.jar
2023-09-24 18:19:41,121 [Worker-6: Launching Lecture_01 (1)] INFO  o.eclipse.m2e.core.internal.Bundles - getClasspathEntries(Bundle=javax.annotation_1.3.5.v20221203-1659 [1424])
2023-09-24 18:19:41,122 [Worker-6: Launching Lecture_01 (1)] INFO  o.eclipse.m2e.core.internal.Bundles - 	Entry: C:\Users\Eemil\.p2\pool\plugins\javax.annotation_1.3.5.v20221203-1659.jar
2023-09-24 18:19:41,122 [Worker-6: Launching Lecture_01 (1)] INFO  o.eclipse.m2e.core.internal.Bundles - getClasspathEntries(Bundle=org.apache.commons.cli_1.5.0 [465])
2023-09-24 18:19:41,122 [Worker-6: Launching Lecture_01 (1)] INFO  o.eclipse.m2e.core.internal.Bundles - 	Entry: C:\Users\Eemil\.p2\pool\plugins\org.apache.commons.cli_1.5.0.jar
2023-09-24 18:19:41,122 [Worker-6: Launching Lecture_01 (1)] INFO  o.eclipse.m2e.core.internal.Bundles - getClasspathEntries(Bundle=com.google.guava.failureaccess_1.0.1 [438])
2023-09-24 18:19:41,122 [Worker-6: Launching Lecture_01 (1)] INFO  o.eclipse.m2e.core.internal.Bundles - 	Entry: C:\Users\Eemil\.p2\pool\plugins\com.google.guava.failureaccess_1.0.1.jar
2023-09-24 18:19:41,123 [Worker-6: Launching Lecture_01 (1)] INFO  o.e.m.i.launch.MavenLaunchDelegate - Run build in "C:\Users\Eemil\Desktop\Koulu\Java-ohjelmointi\TeacherGit\Lecture_01":
2023-09-24 18:19:41,123 [Worker-6: Launching Lecture_01 (1)] INFO  o.e.m.i.launch.MavenLaunchDelegate -  mvn  -B -Dstyle.color=always 
2023-09-24 18:49:25,411 [Start Help Server] INFO  org.eclipse.jetty.server.Server - jetty-10.0.15; built: 2023-04-11T17:25:14.480Z; git: 68017dbd00236bb7e187330d7585a059610f661d; jvm 20.0.1+9
2023-09-24 18:49:25,435 [Start Help Server] INFO  o.e.j.s.s.DefaultSessionIdManager - Session workerName=node0
2023-09-24 18:49:25,465 [Start Help Server] INFO  o.e.j.server.handler.ContextHandler - Started o.e.j.s.ServletContextHandler@5d9f844e{/help,null,AVAILABLE}
2023-09-24 18:49:25,483 [Start Help Server] INFO  o.e.jetty.server.AbstractConnector - Started ServerConnector@3c2e5f52{HTTP/1.1, (http/1.1)}{127.0.0.1:61065}
2023-09-24 18:49:25,489 [Start Help Server] INFO  org.eclipse.jetty.server.Server - Started Server@3bd53ff9{STARTING}[10.0.15,sto=0] @2250535ms
